{
  "RSpec": {
    "coverage": {
      "/home/brundage/work/buggerall/config/environment.rb": [
        null,
        1,
        null,
        null,
        1
      ],
      "/home/brundage/work/buggerall/config/application.rb": [
        1,
        null,
        1,
        null,
        1,
        null,
        1,
        null,
        null,
        null,
        null,
        1,
        1,
        null,
        null,
        null,
        null,
        null,
        null,
        null,
        null,
        null,
        null,
        null,
        null,
        null,
        null,
        null,
        null,
        null,
        null,
        null,
        null,
        null,
        null,
        null,
        1,
        null,
        null,
        1,
        null,
        null,
        1,
        null,
        null,
        null,
        null,
        null,
        null,
        null,
        null,
        null,
        null,
        1,
        null,
        null,
        1,
        null,
        null,
        1,
        null,
        null
      ],
      "/home/brundage/work/buggerall/config/boot.rb": [
        1,
        null,
        null,
        1,
        null,
        1
      ],
      "/home/brundage/work/buggerall/config/environments/test.rb": [
        1,
        null,
        null,
        null,
        null,
        null,
        null,
        1,
        null,
        null,
        1,
        1,
        null,
        null,
        1,
        null,
        null,
        1,
        1,
        null,
        null,
        1,
        null,
        null,
        1,
        null,
        null,
        null,
        null,
        1,
        null,
        null,
        1,
        null,
        null,
        1,
        null
      ],
      "/home/brundage/work/buggerall/config/initializers/backtrace_silencers.rb": [
        null,
        null,
        null,
        null,
        null,
        null,
        null
      ],
      "/home/brundage/work/buggerall/config/initializers/image.rb": [
        1,
        1,
        null
      ],
      "/home/brundage/work/buggerall/config/initializers/inflections.rb": [
        null,
        null,
        null,
        null,
        null,
        null,
        null,
        null,
        null,
        null,
        null,
        null,
        null,
        null,
        null
      ],
      "/home/brundage/work/buggerall/config/initializers/mime_types.rb": [
        null,
        null,
        null,
        null,
        null
      ],
      "/home/brundage/work/buggerall/config/initializers/secret_token.rb": [
        null,
        null,
        null,
        null,
        null,
        null,
        1
      ],
      "/home/brundage/work/buggerall/config/initializers/session_store.rb": [
        null,
        null,
        1,
        null,
        null,
        null,
        null,
        null
      ],
      "/home/brundage/work/buggerall/config/initializers/wrap_parameters.rb": [
        null,
        null,
        null,
        null,
        null,
        null,
        1,
        1,
        null,
        null,
        null,
        1,
        1,
        null
      ],
      "/home/brundage/work/buggerall/app/controllers/application_controller.rb": [
        1,
        null,
        null,
        null,
        null,
        null,
        null,
        1,
        null,
        1,
        null,
        1,
        1,
        1,
        1,
        1,
        1,
        null,
        null,
        1,
        0,
        0,
        null,
        null,
        null,
        1,
        0,
        0,
        null,
        0,
        0,
        null,
        null,
        null,
        1,
        0,
        0,
        null,
        0,
        0,
        null,
        0,
        0,
        null,
        null,
        null,
        1,
        0,
        null,
        null,
        null,
        1,
        0,
        0,
        null,
        0,
        0,
        null,
        null,
        null,
        1,
        0,
        0,
        null,
        0,
        null,
        null,
        null,
        1,
        0,
        0,
        null,
        0,
        0,
        null,
        null,
        null,
        1,
        0,
        0,
        null,
        0,
        0,
        null,
        null,
        1,
        null,
        1,
        0,
        null,
        null,
        1,
        0,
        null,
        null,
        null,
        1,
        0,
        0,
        0,
        null,
        null,
        null,
        1,
        0,
        0,
        0,
        0,
        null,
        null,
        null,
        1,
        0,
        null,
        null,
        null,
        1,
        0,
        null,
        null,
        null,
        1,
        0,
        null,
        null,
        null
      ],
      "/home/brundage/work/buggerall/app/helpers/application_helper.rb": [
        1,
        null
      ],
      "/home/brundage/work/buggerall/app/controllers/bugger_controller.rb": [
        1,
        null,
        1,
        null,
        1,
        0,
        0,
        0,
        null,
        null,
        null,
        null
      ],
      "/home/brundage/work/buggerall/app/models/request_signature.rb": [
        1,
        null,
        1,
        null,
        null,
        1,
        1,
        1,
        null,
        1,
        1,
        1,
        null,
        null,
        1,
        0,
        0,
        null,
        null,
        null,
        null,
        null,
        null,
        0,
        null,
        null,
        null,
        1,
        0,
        0,
        0,
        null,
        null,
        null
      ],
      "/home/brundage/work/buggerall/app/models/resource.rb": [
        1,
        null,
        1,
        null,
        1,
        null,
        null
      ],
      "/home/brundage/work/buggerall/app/models/resource_request.rb": [
        1,
        null,
        1,
        null,
        null,
        1,
        1,
        1,
        null,
        1,
        null,
        1,
        1,
        1,
        null,
        1,
        0,
        0,
        0,
        0,
        null,
        null,
        null,
        null,
        null,
        null,
        0,
        0,
        0,
        null,
        null,
        null,
        null,
        null,
        null,
        null,
        null,
        null,
        1,
        0,
        0,
        null,
        null,
        null,
        null,
        null
      ],
      "/home/brundage/work/buggerall/app/models/user.rb": [
        1,
        null,
        1,
        null,
        1,
        1,
        1,
        null,
        null,
        1,
        0,
        0,
        0,
        null,
        null,
        null
      ],
      "/home/brundage/work/buggerall/app/models/user_agent.rb": [
        1,
        null,
        1,
        null,
        1,
        null,
        1,
        1,
        null,
        null
      ],
      "/home/brundage/work/buggerall/config/routes.rb": [
        1,
        1,
        null
      ],
      "/home/brundage/work/buggerall/db/schema.rb": [
        null,
        null,
        null,
        null,
        null,
        null,
        null,
        null,
        null,
        null,
        null,
        null,
        null,
        1,
        null,
        1,
        1,
        1,
        1,
        1,
        1,
        1,
        1,
        1,
        null,
        null,
        1,
        1,
        1,
        1,
        1,
        1,
        null,
        1,
        1,
        1,
        1,
        1,
        1,
        1,
        1,
        1,
        null,
        null,
        1,
        1,
        1,
        1,
        1,
        null,
        1,
        1,
        null,
        null,
        1,
        null,
        1,
        1,
        1,
        1,
        null,
        null,
        1,
        null,
        1,
        1,
        1,
        null,
        null,
        null
      ],
      "/home/brundage/work/buggerall/spec/models/resource_request_spec.rb": [
        1,
        null,
        1,
        null,
        2,
        2,
        2,
        null,
        2,
        2,
        null,
        null
      ],
      "/home/brundage/work/buggerall/spec/models/resource_spec.rb": [
        1,
        null,
        1,
        null,
        2,
        2,
        null,
        null
      ],
      "/home/brundage/work/buggerall/spec/models/user_agent_spec.rb": [
        1,
        null,
        1,
        null,
        2,
        2,
        null,
        null
      ],
      "/home/brundage/work/buggerall/spec/models/user_spec.rb": [
        1,
        null,
        1,
        null,
        null
      ]
    },
    "timestamp": 1354501501
  }
}
